[debug] [2025-02-07T07:46:17.790Z] ----------------------------------------------------------------------
[debug] [2025-02-07T07:46:17.792Z] Command:       /opt/homebrew/Cellar/node/23.5.0/bin/node /opt/homebrew/bin/firebase deploy --only functions:createUser,functions:stripeWebhook,functions:translateText
[debug] [2025-02-07T07:46:17.792Z] CLI Version:   13.23.0
[debug] [2025-02-07T07:46:17.792Z] Platform:      darwin
[debug] [2025-02-07T07:46:17.792Z] Node Version:  v23.5.0
[debug] [2025-02-07T07:46:17.793Z] Time:          Fri Feb 07 2025 01:46:17 GMT-0600 (Central Standard Time)
[debug] [2025-02-07T07:46:17.793Z] ----------------------------------------------------------------------
[debug] 
[debug] [2025-02-07T07:46:17.832Z] > command requires scopes: ["email","openid","https://www.googleapis.com/auth/cloudplatformprojects.readonly","https://www.googleapis.com/auth/firebase","https://www.googleapis.com/auth/cloud-platform"]
[debug] [2025-02-07T07:46:17.833Z] > authorizing via signed-in user (buildngrowsv@gmail.com)
[debug] [2025-02-07T07:46:17.833Z] [iam] checking project reachmix for permissions ["cloudfunctions.functions.create","cloudfunctions.functions.delete","cloudfunctions.functions.get","cloudfunctions.functions.list","cloudfunctions.functions.update","cloudfunctions.operations.get","firebase.projects.get"]
[debug] [2025-02-07T07:46:17.833Z] Checked if tokens are valid: true, expires at: 1738917819751
[debug] [2025-02-07T07:46:17.833Z] Checked if tokens are valid: true, expires at: 1738917819751
[debug] [2025-02-07T07:46:17.834Z] >>> [apiv2][query] POST https://cloudresourcemanager.googleapis.com/v1/projects/reachmix:testIamPermissions [none]
[debug] [2025-02-07T07:46:17.834Z] >>> [apiv2][(partial)header] POST https://cloudresourcemanager.googleapis.com/v1/projects/reachmix:testIamPermissions x-goog-quota-user=projects/reachmix
[debug] [2025-02-07T07:46:17.834Z] >>> [apiv2][body] POST https://cloudresourcemanager.googleapis.com/v1/projects/reachmix:testIamPermissions {"permissions":["cloudfunctions.functions.create","cloudfunctions.functions.delete","cloudfunctions.functions.get","cloudfunctions.functions.list","cloudfunctions.functions.update","cloudfunctions.operations.get","firebase.projects.get"]}
[debug] [2025-02-07T07:46:18.134Z] <<< [apiv2][status] POST https://cloudresourcemanager.googleapis.com/v1/projects/reachmix:testIamPermissions 200
[debug] [2025-02-07T07:46:18.134Z] <<< [apiv2][body] POST https://cloudresourcemanager.googleapis.com/v1/projects/reachmix:testIamPermissions {"permissions":["cloudfunctions.functions.create","cloudfunctions.functions.delete","cloudfunctions.functions.get","cloudfunctions.functions.list","cloudfunctions.functions.update","cloudfunctions.operations.get","firebase.projects.get"]}
[debug] [2025-02-07T07:46:18.134Z] Checked if tokens are valid: true, expires at: 1738917819751
[debug] [2025-02-07T07:46:18.134Z] Checked if tokens are valid: true, expires at: 1738917819751
[debug] [2025-02-07T07:46:18.134Z] >>> [apiv2][query] POST https://iam.googleapis.com/v1/projects/reachmix/serviceAccounts/reachmix@appspot.gserviceaccount.com:testIamPermissions [none]
[debug] [2025-02-07T07:46:18.134Z] >>> [apiv2][body] POST https://iam.googleapis.com/v1/projects/reachmix/serviceAccounts/reachmix@appspot.gserviceaccount.com:testIamPermissions {"permissions":["iam.serviceAccounts.actAs"]}
[debug] [2025-02-07T07:46:18.485Z] <<< [apiv2][status] POST https://iam.googleapis.com/v1/projects/reachmix/serviceAccounts/reachmix@appspot.gserviceaccount.com:testIamPermissions 200
[debug] [2025-02-07T07:46:18.485Z] <<< [apiv2][body] POST https://iam.googleapis.com/v1/projects/reachmix/serviceAccounts/reachmix@appspot.gserviceaccount.com:testIamPermissions {"permissions":["iam.serviceAccounts.actAs"]}
[info] 
[info] === Deploying to 'reachmix'...
[info] 
[info] i  deploying functions 
[info] Running command: npm --prefix "$RESOURCE_DIR" run lint
